{"/Users/mac/Desktop/hrflow/src/vite-env.d.ts": {"path":"/Users/mac/Desktop/hrflow/src/vite-env.d.ts","statementMap":{},"fnMap":{},"branchMap":{},"s":{},"f":{},"b":{}}
,"/Users/mac/Desktop/hrflow/src/constants/jobs.ts": {"path":"/Users/mac/Desktop/hrflow/src/constants/jobs.ts","statementMap":{"0":{"start":{"line":1,"column":26},"end":{"line":7,"column":1}},"1":{"start":{"line":9,"column":27},"end":{"line":9,"column":28}}},"fnMap":{},"branchMap":{},"s":{"0":0,"1":0},"f":{},"b":{}}
,"/Users/mac/Desktop/hrflow/src/services/jobs.ts": {"path":"/Users/mac/Desktop/hrflow/src/services/jobs.ts","statementMap":{"0":{"start":{"line":1,"column":16},"end":{"line":1,"column":57}},"1":{"start":{"line":2,"column":16},"end":{"line":2,"column":35}},"2":{"start":{"line":4,"column":25},"end":{"line":42,"column":1}},"3":{"start":{"line":5,"column":2},"end":{"line":41,"column":3}},"4":{"start":{"line":6,"column":25},"end":{"line":31,"column":5}},"5":{"start":{"line":37,"column":4},"end":{"line":37,"column":24}},"6":{"start":{"line":39,"column":4},"end":{"line":39,"column":49}},"7":{"start":{"line":40,"column":4},"end":{"line":40,"column":16}}},"fnMap":{"0":{"name":"(anonymous_0)","decl":{"start":{"line":4,"column":25},"end":{"line":4,"column":26}},"loc":{"start":{"line":4,"column":37},"end":{"line":42,"column":1}},"line":4}},"branchMap":{},"s":{"0":0,"1":0,"2":0,"3":0,"4":0,"5":0,"6":0,"7":0},"f":{"0":0},"b":{}}
}
