{"/Users/mac/Desktop/hrflow/src/vite-env.d.ts": {"path":"/Users/mac/Desktop/hrflow/src/vite-env.d.ts","statementMap":{},"fnMap":{},"branchMap":{},"s":{},"f":{},"b":{}}
,"/Users/mac/Desktop/hrflow/src/services/mock.ts": {"path":"/Users/mac/Desktop/hrflow/src/services/mock.ts","statementMap":{"0":{"start":{"line":1,"column":13},"end":{"line":1709,"column":1}}},"fnMap":{},"branchMap":{},"s":{"0":0},"f":{},"b":{}}
,"/Users/mac/Desktop/hrflow/src/utils/loadFiltersFromLS.ts": {"path":"/Users/mac/Desktop/hrflow/src/utils/loadFiltersFromLS.ts","statementMap":{"0":{"start":{"line":1,"column":26},"end":{"line":16,"column":1}},"1":{"start":{"line":3,"column":23},"end":{"line":3,"column":77}},"2":{"start":{"line":9,"column":6},"end":{"line":9,"column":18}},"3":{"start":{"line":11,"column":2},"end":{"line":15,"column":4}}},"fnMap":{"0":{"name":"(anonymous_0)","decl":{"start":{"line":1,"column":26},"end":{"line":1,"column":27}},"loc":{"start":{"line":1,"column":32},"end":{"line":16,"column":1}},"line":1}},"branchMap":{"0":{"loc":{"start":{"line":3,"column":34},"end":{"line":3,"column":76}},"type":"binary-expr","locations":[{"start":{"line":3,"column":34},"end":{"line":3,"column":68}},{"start":{"line":3,"column":72},"end":{"line":3,"column":76}}],"line":3},"1":{"loc":{"start":{"line":6,"column":4},"end":{"line":6,"column":19}},"type":"default-arg","locations":[{"start":{"line":6,"column":17},"end":{"line":6,"column":19}}],"line":6},"2":{"loc":{"start":{"line":7,"column":4},"end":{"line":7,"column":25}},"type":"default-arg","locations":[{"start":{"line":7,"column":23},"end":{"line":7,"column":25}}],"line":7},"3":{"loc":{"start":{"line":8,"column":4},"end":{"line":8,"column":19}},"type":"default-arg","locations":[{"start":{"line":8,"column":17},"end":{"line":8,"column":19}}],"line":8}},"s":{"0":0,"1":0,"2":0,"3":0},"f":{"0":0},"b":{"0":[0,0],"1":[0],"2":[0],"3":[0]}}
}
